<?xml version="1.0" encoding="UTF-8"?>
<testsuite name="game.EncounterTest" time="0.002" tests="9" errors="0" skipped="0" failures="0">
  <properties>
    <property name="idea.version" value="2016.1.3"/>
    <property name="java.runtime.name" value="OpenJDK Runtime Environment"/>
    <property name="sun.boot.library.path" value="C:\Program Files\Zulu\zulu-8\jre\bin"/>
    <property name="java.vm.version" value="25.65-b01"/>
    <property name="java.vm.vendor" value="Azul Systems, Inc."/>
    <property name="maven.multiModuleProjectDirectory" value="D:\Work\Tests\Normandy"/>
    <property name="java.vendor.url" value="http://www.azulsystems.com/"/>
    <property name="path.separator" value=";"/>
    <property name="guice.disable.misplaced.annotation.check" value="true"/>
    <property name="java.vm.name" value="OpenJDK 64-Bit Server VM"/>
    <property name="file.encoding.pkg" value="sun.io"/>
    <property name="idea.launcher.port" value="7537"/>
    <property name="user.script" value=""/>
    <property name="user.country" value="NL"/>
    <property name="sun.java.launcher" value="SUN_STANDARD"/>
    <property name="sun.os.patch.level" value="Service Pack 1"/>
    <property name="java.vm.specification.name" value="Java Virtual Machine Specification"/>
    <property name="user.dir" value="D:\Work\Tests\Normandy"/>
    <property name="java.runtime.version" value="1.8.0_65-b17"/>
    <property name="java.awt.graphicsenv" value="sun.awt.Win32GraphicsEnvironment"/>
    <property name="java.endorsed.dirs" value="C:\Program Files\Zulu\zulu-8\jre\lib\endorsed"/>
    <property name="os.arch" value="amd64"/>
    <property name="java.io.tmpdir" value="C:\Users\mzwart\AppData\Local\Temp\"/>
    <property name="line.separator" value="&#10;"/>
    <property name="java.vm.specification.vendor" value="Oracle Corporation"/>
    <property name="user.variant" value=""/>
    <property name="os.name" value="Windows 7"/>
    <property name="classworlds.conf" value="D:\Work\Tooling\apache-maven-3.3.9\bin\m2.conf"/>
    <property name="sun.java2d.noddraw" value="true"/>
    <property name="sun.jnu.encoding" value="Cp1252"/>
    <property name="java.library.path" value="C:\Program Files\Zulu\zulu-8\bin;C:\WINDOWS\Sun\Java\bin;C:\WINDOWS\system32;C:\WINDOWS;C:\Program Files (x86)\TRICENTIS\TOSCA Testsuite;C:\Tosca_Projects;C:\Program Files (x86)\TRICENTIS\TOSCA Testsuite\dll;C:\Program Files (x86)\TRICENTIS\TOSCA Testsuite\dll\GuptaEngine;C:\Program Files (x86)\TRICENTIS\TOSCA Testsuite\libs;C:\Program Files (x86)\TRICENTIS\TOSCA Testsuite\dll\DelphiEngine;C:\Program Files (x86)\TRICENTIS\TOSCA Testsuite\dll\PBEngine;C:\Program Files (x86)\TRICENTIS\TOSCA Testsuite\dll\VBEngine;C:\Program Files (x86)\TRICENTIS\TOSCA Testsuite\dll\DotNetHooking;C:\Program Files (x86)\TRICENTIS\TOSCA Testsuite\Automation\Resources\Mobile\Tools;D:\Work\Tooling\OracleXE\app\oracle\product\11.2.0\server\bin;;C:\ProgramData\Oracle\Java\javapath;C:\PROGRAM FILES (X86)\BCT\Appl;C:\WINDOWS\system32;C:\WINDOWS;C:\WINDOWS\System32\Wbem;C:\WINDOWS\System32\WindowsPowerShell\v1.0\;C:\WINDOWS\System32\WindowsPowerShell\v1.0\;D:\Work\Tooling\Git\cmd;D:\Work\Tooling\TortoiseSVN\bin;C:\Program Files (x86)\TortoiseSVN\bin;D:\Work\Tooling\apache-maven-3.3.9\bin;C:\Program Files\Zulu\zulu-8\bin\;C:\Users\javabouw\AppData\Roaming\npm;D:\Work\Tooling\phantomjs-2.1.1-windows;C:\Users\javabouw\AppData\Local\atom\bin;D:\Work\Tooling\TortoiseGit\bin;D:\Work\Tooling\apache-ant-1.9.7\bin;C:\WINDOWS\System32\WindowsPowerShell\v1.0\;D:\work\tooling\nodejs\;C:\Users\mzwart\AppData\Local\atom\bin;."/>
    <property name="java.specification.name" value="Java Platform API Specification"/>
    <property name="java.class.version" value="52.0"/>
    <property name="sun.management.compiler" value="HotSpot 64-Bit Tiered Compilers"/>
    <property name="os.version" value="6.1"/>
    <property name="user.home" value="C:\Users\mzwart"/>
    <property name="user.timezone" value="Europe/Amsterdam"/>
    <property name="java.awt.printerjob" value="sun.awt.windows.WPrinterJob"/>
    <property name="java.specification.version" value="1.8"/>
    <property name="idea.launcher.bin.path" value="D:\Work\Tooling\IntelliJ IDEA Community Edition 2016.1.3\bin"/>
    <property name="file.encoding" value="UTF-8"/>
    <property name="user.name" value="mzwart"/>
    <property name="java.class.path" value="D:\Work\Tooling\apache-maven-3.3.9\boot\plexus-classworlds-2.5.2.jar;D:\Work\Tooling\IntelliJ IDEA Community Edition 2016.1.3\lib\idea_rt.jar"/>
    <property name="java.vm.specification.version" value="1.8"/>
    <property name="sun.arch.data.model" value="64"/>
    <property name="java.home" value="C:\Program Files\Zulu\zulu-8\jre"/>
    <property name="sun.java.command" value="com.intellij.rt.execution.application.AppMain org.codehaus.classworlds.Launcher -Didea.version=2016.1.3 install"/>
    <property name="java.specification.vendor" value="Oracle Corporation"/>
    <property name="user.language" value="nl"/>
    <property name="awt.toolkit" value="sun.awt.windows.WToolkit"/>
    <property name="java.vm.info" value="mixed mode"/>
    <property name="java.version" value="1.8.0_65"/>
    <property name="java.ext.dirs" value="C:\Program Files\Zulu\zulu-8\jre\lib\ext;C:\WINDOWS\Sun\Java\lib\ext"/>
    <property name="sun.boot.class.path" value="C:\Program Files\Zulu\zulu-8\jre\lib\resources.jar;C:\Program Files\Zulu\zulu-8\jre\lib\rt.jar;C:\Program Files\Zulu\zulu-8\jre\lib\sunrsasign.jar;C:\Program Files\Zulu\zulu-8\jre\lib\jsse.jar;C:\Program Files\Zulu\zulu-8\jre\lib\jce.jar;C:\Program Files\Zulu\zulu-8\jre\lib\charsets.jar;C:\Program Files\Zulu\zulu-8\jre\lib\jfr.jar;C:\Program Files\Zulu\zulu-8\jre\classes"/>
    <property name="java.vendor" value="Azul Systems, Inc."/>
    <property name="maven.home" value="D:\Work\Tooling\apache-maven-3.3.9"/>
    <property name="file.separator" value="\"/>
    <property name="java.vendor.url.bug" value="http://www.azulsystems.com/support/"/>
    <property name="sun.cpu.endian" value="little"/>
    <property name="sun.io.unicode.encoding" value="UnicodeLittle"/>
    <property name="sun.desktop" value="windows"/>
    <property name="sun.cpu.isalist" value="amd64"/>
  </properties>
  <testcase name="testWin" classname="game.EncounterTest" time="0"/>
  <testcase name="testScanEnemy" classname="game.EncounterTest" time="0.002"/>
  <testcase name="testOutOfEnergy" classname="game.EncounterTest" time="0"/>
  <testcase name="testEnemyRest" classname="game.EncounterTest" time="0"/>
  <testcase name="testFireMissile" classname="game.EncounterTest" time="0"/>
  <testcase name="testOutOfMissiles" classname="game.EncounterTest" time="0"/>
  <testcase name="testFireLaser" classname="game.EncounterTest" time="0"/>
  <testcase name="testEnemyLaser" classname="game.EncounterTest" time="0"/>
  <testcase name="testEnemyMissile" classname="game.EncounterTest" time="0"/>
</testsuite>